<?xml version="1.0" encoding="UTF-8"?>
<!-- Generated by org.testng.reporters.JUnitReportReporter -->
<testsuite hostname="BRIAPWLpLl4e149" failures="0" tests="2" name="testcases.CreateAccountPageTest" time="47.798" errors="0" timestamp="2024-04-30T12:43:19 IST" skipped="0">
  <testcase classname="testcases.CreateAccountPageTest" name="validateMandatoryFieldsOnCreateAccountPage" time="17.011"/>
  <system-out/>
  <testcase classname="testcases.CreateAccountPageTest" name="CreateAccount" time="30.787"/>
  <system-out/>
</testsuite> <!-- testcases.CreateAccountPageTest -->
