<?xml version="1.0" encoding="UTF-8"?>
<!-- Generated by org.testng.reporters.JUnitReportReporter -->
<testsuite hostname="BRIAPWLpLl4e149" failures="0" tests="3" name="testcases.LoginPageTest" time="53.466" errors="0" timestamp="2024-04-22T04:43:01 IST" skipped="0">
  <testcase classname="testcases.LoginPageTest" name="LoginWithInvalidCredentials" time="16.502"/>
  <system-out/>
  <testcase classname="testcases.LoginPageTest" name="ForgotFunctionality" time="21.187"/>
  <system-out/>
  <testcase classname="testcases.LoginPageTest" name="LoginSuccessful" time="15.777"/>
  <system-out/>
</testsuite> <!-- testcases.LoginPageTest -->
